{
  "RSpec": {
    "coverage": {
      "/home/ubuntu/workspace/bingbites/app/controllers/home_controller.rb": [
        1,
        1,
        null,
        null
      ],
      "/home/ubuntu/workspace/bingbites/app/controllers/application_controller.rb": [
        1,
        null,
        null,
        1,
        null
      ],
      "/home/ubuntu/workspace/bingbites/app/models/home.rb": [
        1,
        null
      ],
      "/home/ubuntu/workspace/bingbites/app/helpers/application_helper.rb": [
        0,
        0
      ],
      "/home/ubuntu/workspace/bingbites/app/helpers/home_helper.rb": [
        0,
        0
      ]
    },
    "timestamp": 1489538846
  }
}
